<?xml version="1.0" encoding="UTF-8"?>
<robot generator="Robot 5.0.1 (Python 3.10.0 on win32)" generated="20221017 22:01:38.773" rpa="false" schemaversion="3">
<suite id="s1" name="Form" source="C:\CursoUdemy\AutomacaoRobotFramework\Massadedados\form.robot">
<test id="s1-t1" name="TC01 - Acessar e preecher formulario" line="37">
<kw name="Dado que acesso o formulario">
<kw name="Open Browser" library="SeleniumLibrary">
<arg>${Url}</arg>
<arg>${Browser}</arg>
<doc>Opens a new browser instance to the optional ``url``.</doc>
<msg timestamp="20221017 22:01:39.875" level="INFO">Opening browser 'chrome' to base url 'https://demoqa.com/automation-practice-form'.</msg>
<status status="PASS" starttime="20221017 22:01:39.875" endtime="20221017 22:02:03.903"/>
</kw>
<kw name="Maximize Browser Window" library="SeleniumLibrary">
<doc>Maximizes current browser window.</doc>
<status status="PASS" starttime="20221017 22:02:03.903" endtime="20221017 22:02:04.029"/>
</kw>
<status status="PASS" starttime="20221017 22:01:39.875" endtime="20221017 22:02:04.029"/>
</kw>
<kw name="Entao o formulario deve ser preenchido">
<kw name="Wait Until Element Is Visible" library="SeleniumLibrary">
<arg>${First_name}</arg>
<arg>10s</arg>
<doc>Waits until the element ``locator`` is visible.</doc>
<status status="PASS" starttime="20221017 22:02:04.030" endtime="20221017 22:02:04.065"/>
</kw>
<kw name="First Name" library="FakerLibrary">
<var>${Nome}</var>
<msg timestamp="20221017 22:02:04.065" level="INFO">${Nome} = Cindy</msg>
<status status="PASS" starttime="20221017 22:02:04.065" endtime="20221017 22:02:04.065"/>
</kw>
<kw name="Input Text" library="SeleniumLibrary">
<arg>${First_name}</arg>
<arg>${Nome}</arg>
<doc>Types the given ``text`` into the text field identified by ``locator``.</doc>
<msg timestamp="20221017 22:02:04.066" level="INFO">Typing text 'Cindy' into text field 'firstName'.</msg>
<status status="PASS" starttime="20221017 22:02:04.065" endtime="20221017 22:02:04.146"/>
</kw>
<kw name="Last Name" library="FakerLibrary">
<var>${Sobrenome}</var>
<msg timestamp="20221017 22:02:04.147" level="INFO">${Sobrenome} = Orozco</msg>
<status status="PASS" starttime="20221017 22:02:04.146" endtime="20221017 22:02:04.147"/>
</kw>
<kw name="Input Text" library="SeleniumLibrary">
<arg>${Last_name}</arg>
<arg>${Sobrenome}</arg>
<doc>Types the given ``text`` into the text field identified by ``locator``.</doc>
<msg timestamp="20221017 22:02:04.147" level="INFO">Typing text 'Orozco' into text field 'lastName'.</msg>
<status status="PASS" starttime="20221017 22:02:04.147" endtime="20221017 22:02:04.211"/>
</kw>
<kw name="Free Email" library="FakerLibrary">
<var>${EmailData}</var>
<msg timestamp="20221017 22:02:04.211" level="INFO">${EmailData} = chad11@hotmail.com</msg>
<status status="PASS" starttime="20221017 22:02:04.211" endtime="20221017 22:02:04.211"/>
</kw>
<kw name="Input Text" library="SeleniumLibrary">
<arg>${Email}</arg>
<arg>${EmailData}</arg>
<doc>Types the given ``text`` into the text field identified by ``locator``.</doc>
<msg timestamp="20221017 22:02:04.211" level="INFO">Typing text 'chad11@hotmail.com' into text field 'userEmail'.</msg>
<status status="PASS" starttime="20221017 22:02:04.211" endtime="20221017 22:02:04.274"/>
</kw>
<kw name="Phone Number" library="FakerLibrary">
<var>${Telefone}</var>
<msg timestamp="20221017 22:02:04.274" level="INFO">${Telefone} = +1-507-411-7403x6772</msg>
<status status="PASS" starttime="20221017 22:02:04.274" endtime="20221017 22:02:04.274"/>
</kw>
<kw name="Input Text" library="SeleniumLibrary">
<arg>${MobileNumber}</arg>
<arg>${Telefone}</arg>
<doc>Types the given ``text`` into the text field identified by ``locator``.</doc>
<msg timestamp="20221017 22:02:04.275" level="INFO">Typing text '+1-507-411-7403x6772' into text field 'userNumber'.</msg>
<status status="PASS" starttime="20221017 22:02:04.274" endtime="20221017 22:02:04.334"/>
</kw>
<kw name="Address" library="FakerLibrary">
<var>${Endereco}</var>
<doc>:example: '791 Crist Parks, Sashabury, IL 86039-9874'</doc>
<msg timestamp="20221017 22:02:04.335" level="INFO">${Endereco} = 463 Debbie Cliff
Melindaberg, WY 85340</msg>
<status status="PASS" starttime="20221017 22:02:04.335" endtime="20221017 22:02:04.335"/>
</kw>
<kw name="Input Text" library="SeleniumLibrary">
<arg>${Address}</arg>
<arg>${Endereco}</arg>
<doc>Types the given ``text`` into the text field identified by ``locator``.</doc>
<msg timestamp="20221017 22:02:04.335" level="INFO">Typing text '463 Debbie Cliff
Melindaberg, WY 85340' into text field 'currentAddress'.</msg>
<status status="PASS" starttime="20221017 22:02:04.335" endtime="20221017 22:02:04.408"/>
</kw>
<status status="PASS" starttime="20221017 22:02:04.030" endtime="20221017 22:02:04.409"/>
</kw>
<tag>TC01</tag>
<status status="PASS" starttime="20221017 22:01:39.874" endtime="20221017 22:02:04.409"/>
</test>
<status status="PASS" starttime="20221017 22:01:38.774" endtime="20221017 22:02:04.411"/>
</suite>
<statistics>
<total>
<stat pass="1" fail="0" skip="0">All Tests</stat>
</total>
<tag>
<stat pass="1" fail="0" skip="0">TC01</stat>
</tag>
<suite>
<stat pass="1" fail="0" skip="0" id="s1" name="Form">Form</stat>
</suite>
</statistics>
<errors>
</errors>
</robot>
